# JRE version: Java(TM) SE Runtime Environment (8.0_221-b11) (build 1.8.0_221-b11)
# Java VM: Java HotSpot(TM) 64-Bit Server VM (25.221-b11 mixed mode linux-amd64 compressed oops)
Heap:
 PSYoungGen      total 273920K, used 0K [0x00000000eab00000, 0x0000000100000000, 0x0000000100000000)
  eden space 198656K, 0% used [0x00000000eab00000,0x00000000eab00000,0x00000000f6d00000)
  from space 75264K, 0% used [0x00000000f6d00000,0x00000000f6d00000,0x00000000fb680000)
  to   space 71168K, 0% used [0x00000000fba80000,0x00000000fba80000,0x0000000100000000)
 ParOldGen       total 251904K, used 214356K [0x00000000c0000000, 0x00000000cf600000, 0x00000000eab00000)
  object space 251904K, 85% used [0x00000000c0000000,0x00000000cd155200,0x00000000cf600000)
 Metaspace       used 54000K, capacity 54296K, committed 54784K, reserved 1095680K
  class space    used 7734K, capacity 7847K, committed 7936K, reserved 1048576K
GC Heap History (10 events):
Event: 28,504 GC heap after
Heap after GC invocations=18 (full 4):
 PSYoungGen      total 280576K, used 48127K [0x00000000eab00000, 0x0000000100000000, 0x0000000100000000)
  eden space 232448K, 0% used [0x00000000eab00000,0x00000000eab00000,0x00000000f8e00000)
  from space 48128K, 99% used [0x00000000fd100000,0x00000000fffffd70,0x0000000100000000)
  to   space 58368K, 0% used [0x00000000f8e00000,0x00000000f8e00000,0x00000000fc700000)
 ParOldGen       total 184832K, used 114802K [0x00000000c0000000, 0x00000000cb480000, 0x00000000eab00000)
  object space 184832K, 62% used [0x00000000c0000000,0x00000000c701c9e8,0x00000000cb480000)
 Metaspace       used 40240K, capacity 40524K, committed 40832K, reserved 1083392K
  class space    used 5795K, capacity 5926K, committed 6016K, reserved 1048576K
}
Event: 49,013 GC heap before
{Heap before GC invocations=19 (full 4):
 PSYoungGen      total 280576K, used 280575K [0x00000000eab00000, 0x0000000100000000, 0x0000000100000000)
  eden space 232448K, 100% used [0x00000000eab00000,0x00000000f8e00000,0x00000000f8e00000)
  from space 48128K, 99% used [0x00000000fd100000,0x00000000fffffd70,0x0000000100000000)
  to   space 58368K, 0% used [0x00000000f8e00000,0x00000000f8e00000,0x00000000fc700000)
 ParOldGen       total 184832K, used 114806K [0x00000000c0000000, 0x00000000cb480000, 0x00000000eab00000)
  object space 184832K, 62% used [0x00000000c0000000,0x00000000c701d928,0x00000000cb480000)
 Metaspace       used 42779K, capacity 42994K, committed 43264K, reserved 1085440K
  class space    used 6254K, capacity 6343K, committed 6400K, reserved 1048576K
Event: 49,778 GC heap after
Heap after GC invocations=19 (full 4):
 PSYoungGen      total 264192K, used 31669K [0x00000000eab00000, 0x0000000100000000, 0x0000000100000000)
  eden space 232448K, 0% used [0x00000000eab00000,0x00000000eab00000,0x00000000f8e00000)
  from space 31744K, 99% used [0x00000000f8e00000,0x00000000faced508,0x00000000fad00000)
  to   space 58880K, 0% used [0x00000000fc680000,0x00000000fc680000,0x0000000100000000)
 ParOldGen       total 184832K, used 162502K [0x00000000c0000000, 0x00000000cb480000, 0x00000000eab00000)
  object space 184832K, 87% used [0x00000000c0000000,0x00000000c9eb1ad0,0x00000000cb480000)
 Metaspace       used 42779K, capacity 42994K, committed 43264K, reserved 1085440K
  class space    used 6254K, capacity 6343K, committed 6400K, reserved 1048576K
}
Event: 49,990 GC heap before
{Heap before GC invocations=20 (full 5):
 PSYoungGen      total 264192K, used 31669K [0x00000000eab00000, 0x0000000100000000, 0x0000000100000000)
  eden space 232448K, 0% used [0x00000000eab00000,0x00000000eab00000,0x00000000f8e00000)
  from space 31744K, 99% used [0x00000000f8e00000,0x00000000faced508,0x00000000fad00000)
  to   space 58880K, 0% used [0x00000000fc680000,0x00000000fc680000,0x0000000100000000)
 ParOldGen       total 184832K, used 162502K [0x00000000c0000000, 0x00000000cb480000, 0x00000000eab00000)
  object space 184832K, 87% used [0x00000000c0000000,0x00000000c9eb1ad0,0x00000000cb480000)
 Metaspace       used 42779K, capacity 42994K, committed 43264K, reserved 1085440K
  class space    used 6254K, capacity 6343K, committed 6400K, reserved 1048576K
Event: 51,717 GC heap after
Heap after GC invocations=20 (full 5):
 PSYoungGen      total 264192K, used 0K [0x00000000eab00000, 0x0000000100000000, 0x0000000100000000)
  eden space 232448K, 0% used [0x00000000eab00000,0x00000000eab00000,0x00000000f8e00000)
  from space 31744K, 0% used [0x00000000f8e00000,0x00000000f8e00000,0x00000000fad00000)
  to   space 58880K, 0% used [0x00000000fc680000,0x00000000fc680000,0x0000000100000000)
 ParOldGen       total 251904K, used 157822K [0x00000000c0000000, 0x00000000cf600000, 0x00000000eab00000)
  object space 251904K, 62% used [0x00000000c0000000,0x00000000c9a1f968,0x00000000cf600000)
 Metaspace       used 42779K, capacity 42994K, committed 43264K, reserved 1085440K
  class space    used 6254K, capacity 6343K, committed 6400K, reserved 1048576K
}
Event: 78,162 GC heap before
{Heap before GC invocations=21 (full 5):
 PSYoungGen      total 264192K, used 232448K [0x00000000eab00000, 0x0000000100000000, 0x0000000100000000)
  eden space 232448K, 100% used [0x00000000eab00000,0x00000000f8e00000,0x00000000f8e00000)
  from space 31744K, 0% used [0x00000000f8e00000,0x00000000f8e00000,0x00000000fad00000)
  to   space 58880K, 0% used [0x00000000fc680000,0x00000000fc680000,0x0000000100000000)
 ParOldGen       total 251904K, used 157822K [0x00000000c0000000, 0x00000000cf600000, 0x00000000eab00000)
  object space 251904K, 62% used [0x00000000c0000000,0x00000000c9a1f968,0x00000000cf600000)
 Metaspace       used 42826K, capacity 43122K, committed 43520K, reserved 1087488K
  class space    used 6256K, capacity 6343K, committed 6400K, reserved 1048576K
Event: 78,436 GC heap after
Heap after GC invocations=21 (full 5):
 PSYoungGen      total 257536K, used 58864K [0x00000000eab00000, 0x0000000100000000, 0x0000000100000000)
  eden space 198656K, 0% used [0x00000000eab00000,0x00000000eab00000,0x00000000f6d00000)
  from space 58880K, 99% used [0x00000000fc680000,0x00000000ffffc010,0x0000000100000000)
  to   space 75264K, 0% used [0x00000000f6d00000,0x00000000f6d00000,0x00000000fb680000)
 ParOldGen       total 251904K, used 174882K [0x00000000c0000000, 0x00000000cf600000, 0x00000000eab00000)
  object space 251904K, 69% used [0x00000000c0000000,0x00000000caac89e8,0x00000000cf600000)
 Metaspace       used 42826K, capacity 43122K, committed 43520K, reserved 1087488K
  class space    used 6256K, capacity 6343K, committed 6400K, reserved 1048576K
}
Event: 100,812 GC heap before
{Heap before GC invocations=22 (full 5):
 PSYoungGen      total 257536K, used 257520K [0x00000000eab00000, 0x0000000100000000, 0x0000000100000000)
  eden space 198656K, 100% used [0x00000000eab00000,0x00000000f6d00000,0x00000000f6d00000)
  from space 58880K, 99% used [0x00000000fc680000,0x00000000ffffc010,0x0000000100000000)
  to   space 75264K, 0% used [0x00000000f6d00000,0x00000000f6d00000,0x00000000fb680000)
 ParOldGen       total 251904K, used 174882K [0x00000000c0000000, 0x00000000cf600000, 0x00000000eab00000)
  object space 251904K, 69% used [0x00000000c0000000,0x00000000caac89e8,0x00000000cf600000)
 Metaspace       used 54000K, capacity 54296K, committed 54784K, reserved 1095680K
  class space    used 7734K, capacity 7847K, committed 7936K, reserved 1048576K
Event: 101,446 GC heap after
Heap after GC invocations=22 (full 5):
 PSYoungGen      total 273920K, used 20895K [0x00000000eab00000, 0x0000000100000000, 0x0000000100000000)
  eden space 198656K, 0% used [0x00000000eab00000,0x00000000eab00000,0x00000000f6d00000)
  from space 75264K, 27% used [0x00000000f6d00000,0x00000000f8167f60,0x00000000fb680000)
  to   space 71168K, 0% used [0x00000000fba80000,0x00000000fba80000,0x0000000100000000)
 ParOldGen       total 251904K, used 234051K [0x00000000c0000000, 0x00000000cf600000, 0x00000000eab00000)
  object space 251904K, 92% used [0x00000000c0000000,0x00000000ce490c38,0x00000000cf600000)
 Metaspace       used 54000K, capacity 54296K, committed 54784K, reserved 1095680K
  class space    used 7734K, capacity 7847K, committed 7936K, reserved 1048576K
}
Event: 101,476 GC heap before
{Heap before GC invocations=23 (full 6):
 PSYoungGen      total 273920K, used 20895K [0x00000000eab00000, 0x0000000100000000, 0x0000000100000000)
  eden space 198656K, 0% used [0x00000000eab00000,0x00000000eab00000,0x00000000f6d00000)
  from space 75264K, 27% used [0x00000000f6d00000,0x00000000f8167f60,0x00000000fb680000)
  to   space 71168K, 0% used [0x00000000fba80000,0x00000000fba80000,0x0000000100000000)
 ParOldGen       total 251904K, used 234051K [0x00000000c0000000, 0x00000000cf600000, 0x00000000eab00000)
  object space 251904K, 92% used [0x00000000c0000000,0x00000000ce490c38,0x00000000cf600000)
 Metaspace       used 54000K, capacity 54296K, committed 54784K, reserved 1095680K
  class space    used 7734K, capacity 7847K, committed 7936K, reserved 1048576K

