# JRE version: Java(TM) SE Runtime Environment (8.0_221-b11) (build 1.8.0_221-b11)
# Java VM: Java HotSpot(TM) 64-Bit Server VM (25.221-b11 mixed mode linux-amd64 compressed oops)
Heap:
 PSYoungGen      total 226816K, used 0K [0x00000000eab00000, 0x00000000fce80000, 0x0000000100000000)
  eden space 168448K, 0% used [0x00000000eab00000,0x00000000eab00000,0x00000000f4f80000)
  from space 58368K, 0% used [0x00000000f9580000,0x00000000f9580000,0x00000000fce80000)
  to   space 65024K, 0% used [0x00000000f4f80000,0x00000000f4f80000,0x00000000f8f00000)
 ParOldGen       total 234496K, used 212304K [0x00000000c0000000, 0x00000000ce500000, 0x00000000eab00000)
  object space 234496K, 90% used [0x00000000c0000000,0x00000000ccf540c8,0x00000000ce500000)
 Metaspace       used 53644K, capacity 53944K, committed 54528K, reserved 1095680K
  class space    used 7680K, capacity 7815K, committed 7936K, reserved 1048576K
GC Heap History (10 events):
Event: 28,256 GC heap after
Heap after GC invocations=29 (full 4):
 PSYoungGen      total 178176K, used 36369K [0x00000000eab00000, 0x00000000fa700000, 0x0000000100000000)
  eden space 129024K, 0% used [0x00000000eab00000,0x00000000eab00000,0x00000000f2900000)
  from space 49152K, 73% used [0x00000000f2900000,0x00000000f4c84690,0x00000000f5900000)
  to   space 53248K, 0% used [0x00000000f7300000,0x00000000f7300000,0x00000000fa700000)
 ParOldGen       total 153088K, used 124267K [0x00000000c0000000, 0x00000000c9580000, 0x00000000eab00000)
  object space 153088K, 81% used [0x00000000c0000000,0x00000000c795ad70,0x00000000c9580000)
 Metaspace       used 40208K, capacity 40588K, committed 41088K, reserved 1085440K
  class space    used 5797K, capacity 5926K, committed 6016K, reserved 1048576K
}
Event: 29,606 GC heap before
{Heap before GC invocations=30 (full 4):
 PSYoungGen      total 178176K, used 165393K [0x00000000eab00000, 0x00000000fa700000, 0x0000000100000000)
  eden space 129024K, 100% used [0x00000000eab00000,0x00000000f2900000,0x00000000f2900000)
  from space 49152K, 73% used [0x00000000f2900000,0x00000000f4c84690,0x00000000f5900000)
  to   space 53248K, 0% used [0x00000000f7300000,0x00000000f7300000,0x00000000fa700000)
 ParOldGen       total 153088K, used 124267K [0x00000000c0000000, 0x00000000c9580000, 0x00000000eab00000)
  object space 153088K, 81% used [0x00000000c0000000,0x00000000c795ad70,0x00000000c9580000)
 Metaspace       used 42764K, capacity 42994K, committed 43520K, reserved 1087488K
  class space    used 6256K, capacity 6343K, committed 6400K, reserved 1048576K
Event: 29,675 GC heap after
Heap after GC invocations=30 (full 4):
 PSYoungGen      total 198656K, used 22367K [0x00000000eab00000, 0x00000000fa200000, 0x0000000100000000)
  eden space 150528K, 0% used [0x00000000eab00000,0x00000000eab00000,0x00000000f3e00000)
  from space 48128K, 46% used [0x00000000f7300000,0x00000000f88d7db8,0x00000000fa200000)
  to   space 51200K, 0% used [0x00000000f3e00000,0x00000000f3e00000,0x00000000f7000000)
 ParOldGen       total 158208K, used 158040K [0x00000000c0000000, 0x00000000c9a80000, 0x00000000eab00000)
  object space 158208K, 99% used [0x00000000c0000000,0x00000000c9a563d8,0x00000000c9a80000)
 Metaspace       used 42764K, capacity 42994K, committed 43520K, reserved 1087488K
  class space    used 6256K, capacity 6343K, committed 6400K, reserved 1048576K
}
Event: 29,675 GC heap before
{Heap before GC invocations=31 (full 5):
 PSYoungGen      total 198656K, used 22367K [0x00000000eab00000, 0x00000000fa200000, 0x0000000100000000)
  eden space 150528K, 0% used [0x00000000eab00000,0x00000000eab00000,0x00000000f3e00000)
  from space 48128K, 46% used [0x00000000f7300000,0x00000000f88d7db8,0x00000000fa200000)
  to   space 51200K, 0% used [0x00000000f3e00000,0x00000000f3e00000,0x00000000f7000000)
 ParOldGen       total 158208K, used 158040K [0x00000000c0000000, 0x00000000c9a80000, 0x00000000eab00000)
  object space 158208K, 99% used [0x00000000c0000000,0x00000000c9a563d8,0x00000000c9a80000)
 Metaspace       used 42764K, capacity 42994K, committed 43520K, reserved 1087488K
  class space    used 6256K, capacity 6343K, committed 6400K, reserved 1048576K
Event: 30,162 GC heap after
Heap after GC invocations=31 (full 5):
 PSYoungGen      total 198656K, used 0K [0x00000000eab00000, 0x00000000fa200000, 0x0000000100000000)
  eden space 150528K, 0% used [0x00000000eab00000,0x00000000eab00000,0x00000000f3e00000)
  from space 48128K, 0% used [0x00000000f7300000,0x00000000f7300000,0x00000000fa200000)
  to   space 51200K, 0% used [0x00000000f3e00000,0x00000000f3e00000,0x00000000f7000000)
 ParOldGen       total 234496K, used 148597K [0x00000000c0000000, 0x00000000ce500000, 0x00000000eab00000)
  object space 234496K, 63% used [0x00000000c0000000,0x00000000c911d620,0x00000000ce500000)
 Metaspace       used 42764K, capacity 42994K, committed 43520K, reserved 1087488K
  class space    used 6256K, capacity 6343K, committed 6400K, reserved 1048576K
}
Event: 33,061 GC heap before
{Heap before GC invocations=32 (full 5):
 PSYoungGen      total 198656K, used 150528K [0x00000000eab00000, 0x00000000fa200000, 0x0000000100000000)
  eden space 150528K, 100% used [0x00000000eab00000,0x00000000f3e00000,0x00000000f3e00000)
  from space 48128K, 0% used [0x00000000f7300000,0x00000000f7300000,0x00000000fa200000)
  to   space 51200K, 0% used [0x00000000f3e00000,0x00000000f3e00000,0x00000000f7000000)
 ParOldGen       total 234496K, used 148597K [0x00000000c0000000, 0x00000000ce500000, 0x00000000eab00000)
  object space 234496K, 63% used [0x00000000c0000000,0x00000000c911d620,0x00000000ce500000)
 Metaspace       used 42840K, capacity 43058K, committed 43520K, reserved 1087488K
  class space    used 6258K, capacity 6343K, committed 6400K, reserved 1048576K
Event: 33,197 GC heap after
Heap after GC invocations=32 (full 5):
 PSYoungGen      total 201728K, used 51168K [0x00000000eab00000, 0x00000000fd980000, 0x0000000100000000)
  eden space 150528K, 0% used [0x00000000eab00000,0x00000000eab00000,0x00000000f3e00000)
  from space 51200K, 99% used [0x00000000f3e00000,0x00000000f6ff8030,0x00000000f7000000)
  to   space 69632K, 0% used [0x00000000f9580000,0x00000000f9580000,0x00000000fd980000)
 ParOldGen       total 234496K, used 173929K [0x00000000c0000000, 0x00000000ce500000, 0x00000000eab00000)
  object space 234496K, 74% used [0x00000000c0000000,0x00000000ca9da760,0x00000000ce500000)
 Metaspace       used 42840K, capacity 43058K, committed 43520K, reserved 1087488K
  class space    used 6258K, capacity 6343K, committed 6400K, reserved 1048576K
}
Event: 40,565 GC heap before
{Heap before GC invocations=33 (full 5):
 PSYoungGen      total 201728K, used 201696K [0x00000000eab00000, 0x00000000fd980000, 0x0000000100000000)
  eden space 150528K, 100% used [0x00000000eab00000,0x00000000f3e00000,0x00000000f3e00000)
  from space 51200K, 99% used [0x00000000f3e00000,0x00000000f6ff8030,0x00000000f7000000)
  to   space 69632K, 0% used [0x00000000f9580000,0x00000000f9580000,0x00000000fd980000)
 ParOldGen       total 234496K, used 173929K [0x00000000c0000000, 0x00000000ce500000, 0x00000000eab00000)
  object space 234496K, 74% used [0x00000000c0000000,0x00000000ca9da760,0x00000000ce500000)
 Metaspace       used 53644K, capacity 53944K, committed 54528K, reserved 1095680K
  class space    used 7680K, capacity 7815K, committed 7936K, reserved 1048576K
Event: 40,732 GC heap after
Heap after GC invocations=33 (full 5):
 PSYoungGen      total 226816K, used 25477K [0x00000000eab00000, 0x00000000fce80000, 0x0000000100000000)
  eden space 168448K, 0% used [0x00000000eab00000,0x00000000eab00000,0x00000000f4f80000)
  from space 58368K, 43% used [0x00000000f9580000,0x00000000fae61540,0x00000000fce80000)
  to   space 65024K, 0% used [0x00000000f4f80000,0x00000000f4f80000,0x00000000f8f00000)
 ParOldGen       total 234496K, used 225390K [0x00000000c0000000, 0x00000000ce500000, 0x00000000eab00000)
  object space 234496K, 96% used [0x00000000c0000000,0x00000000cdc1b920,0x00000000ce500000)
 Metaspace       used 53644K, capacity 53944K, committed 54528K, reserved 1095680K
  class space    used 7680K, capacity 7815K, committed 7936K, reserved 1048576K
}
Event: 40,733 GC heap before
{Heap before GC invocations=34 (full 6):
 PSYoungGen      total 226816K, used 25477K [0x00000000eab00000, 0x00000000fce80000, 0x0000000100000000)
  eden space 168448K, 0% used [0x00000000eab00000,0x00000000eab00000,0x00000000f4f80000)
  from space 58368K, 43% used [0x00000000f9580000,0x00000000fae61540,0x00000000fce80000)
  to   space 65024K, 0% used [0x00000000f4f80000,0x00000000f4f80000,0x00000000f8f00000)
 ParOldGen       total 234496K, used 225390K [0x00000000c0000000, 0x00000000ce500000, 0x00000000eab00000)
  object space 234496K, 96% used [0x00000000c0000000,0x00000000cdc1b920,0x00000000ce500000)
 Metaspace       used 53644K, capacity 53944K, committed 54528K, reserved 1095680K
  class space    used 7680K, capacity 7815K, committed 7936K, reserved 1048576K

