# JRE version: Java(TM) SE Runtime Environment (8.0_221-b11) (build 1.8.0_221-b11)
# Java VM: Java HotSpot(TM) 64-Bit Server VM (25.221-b11 mixed mode linux-amd64 compressed oops)
Heap:
 PSYoungGen      total 270336K, used 0K [0x00000000eab00000, 0x0000000100000000, 0x0000000100000000)
  eden space 194048K, 0% used [0x00000000eab00000,0x00000000eab00000,0x00000000f6880000)
  from space 76288K, 0% used [0x00000000f6880000,0x00000000f6880000,0x00000000fb300000)
  to   space 73216K, 0% used [0x00000000fb880000,0x00000000fb880000,0x0000000100000000)
 ParOldGen       total 248832K, used 220455K [0x00000000c0000000, 0x00000000cf300000, 0x00000000eab00000)
  object space 248832K, 88% used [0x00000000c0000000,0x00000000cd749fe8,0x00000000cf300000)
 Metaspace       used 54461K, capacity 54776K, committed 55424K, reserved 1097728K
  class space    used 7825K, capacity 7943K, committed 8064K, reserved 1048576K
GC Heap History (10 events):
Event: 29,121 GC heap after
Heap after GC invocations=24 (full 4):
 PSYoungGen      total 227840K, used 38407K [0x00000000eab00000, 0x00000000fca00000, 0x0000000100000000)
  eden space 177152K, 0% used [0x00000000eab00000,0x00000000eab00000,0x00000000f5800000)
  from space 50688K, 75% used [0x00000000f8e00000,0x00000000fb381e88,0x00000000fbf80000)
  to   space 55296K, 0% used [0x00000000f5800000,0x00000000f5800000,0x00000000f8e00000)
 ParOldGen       total 155648K, used 141684K [0x00000000c0000000, 0x00000000c9800000, 0x00000000eab00000)
  object space 155648K, 91% used [0x00000000c0000000,0x00000000c8a5d2d8,0x00000000c9800000)
 Metaspace       used 40691K, capacity 41004K, committed 41472K, reserved 1085440K
  class space    used 5895K, capacity 6022K, committed 6144K, reserved 1048576K
}
Event: 29,121 GC heap before
{Heap before GC invocations=25 (full 5):
 PSYoungGen      total 227840K, used 38407K [0x00000000eab00000, 0x00000000fca00000, 0x0000000100000000)
  eden space 177152K, 0% used [0x00000000eab00000,0x00000000eab00000,0x00000000f5800000)
  from space 50688K, 75% used [0x00000000f8e00000,0x00000000fb381e88,0x00000000fbf80000)
  to   space 55296K, 0% used [0x00000000f5800000,0x00000000f5800000,0x00000000f8e00000)
 ParOldGen       total 155648K, used 141684K [0x00000000c0000000, 0x00000000c9800000, 0x00000000eab00000)
  object space 155648K, 91% used [0x00000000c0000000,0x00000000c8a5d2d8,0x00000000c9800000)
 Metaspace       used 40691K, capacity 41004K, committed 41472K, reserved 1085440K
  class space    used 5895K, capacity 6022K, committed 6144K, reserved 1048576K
Event: 30,911 GC heap after
Heap after GC invocations=25 (full 5):
 PSYoungGen      total 227840K, used 997K [0x00000000eab00000, 0x00000000fca00000, 0x0000000100000000)
  eden space 177152K, 0% used [0x00000000eab00000,0x00000000eab00000,0x00000000f5800000)
  from space 50688K, 1% used [0x00000000f8e00000,0x00000000f8ef9738,0x00000000fbf80000)
  to   space 55296K, 0% used [0x00000000f5800000,0x00000000f5800000,0x00000000f8e00000)
 ParOldGen       total 239616K, used 155317K [0x00000000c0000000, 0x00000000cea00000, 0x00000000eab00000)
  object space 239616K, 64% used [0x00000000c0000000,0x00000000c97ad538,0x00000000cea00000)
 Metaspace       used 40691K, capacity 41004K, committed 41472K, reserved 1085440K
  class space    used 5895K, capacity 6022K, committed 6144K, reserved 1048576K
}
Event: 50,820 GC heap before
{Heap before GC invocations=26 (full 5):
 PSYoungGen      total 227840K, used 178149K [0x00000000eab00000, 0x00000000fca00000, 0x0000000100000000)
  eden space 177152K, 100% used [0x00000000eab00000,0x00000000f5800000,0x00000000f5800000)
  from space 50688K, 1% used [0x00000000f8e00000,0x00000000f8ef9738,0x00000000fbf80000)
  to   space 55296K, 0% used [0x00000000f5800000,0x00000000f5800000,0x00000000f8e00000)
 ParOldGen       total 239616K, used 155317K [0x00000000c0000000, 0x00000000cea00000, 0x00000000eab00000)
  object space 239616K, 64% used [0x00000000c0000000,0x00000000c97ad538,0x00000000cea00000)
 Metaspace       used 43243K, capacity 43570K, committed 43904K, reserved 1087488K
  class space    used 6346K, capacity 6471K, committed 6528K, reserved 1048576K
Event: 50,880 GC heap after
Heap after GC invocations=26 (full 5):
 PSYoungGen      total 232448K, used 22464K [0x00000000eab00000, 0x00000000fe680000, 0x0000000100000000)
  eden space 177152K, 0% used [0x00000000eab00000,0x00000000eab00000,0x00000000f5800000)
  from space 55296K, 40% used [0x00000000f5800000,0x00000000f6df0130,0x00000000f8e00000)
  to   space 52736K, 0% used [0x00000000fb300000,0x00000000fb300000,0x00000000fe680000)
 ParOldGen       total 239616K, used 156381K [0x00000000c0000000, 0x00000000cea00000, 0x00000000eab00000)
  object space 239616K, 65% used [0x00000000c0000000,0x00000000c98b7538,0x00000000cea00000)
 Metaspace       used 43243K, capacity 43570K, committed 43904K, reserved 1087488K
  class space    used 6346K, capacity 6471K, committed 6528K, reserved 1048576K
}
Event: 59,538 GC heap before
{Heap before GC invocations=27 (full 5):
 PSYoungGen      total 232448K, used 199616K [0x00000000eab00000, 0x00000000fe680000, 0x0000000100000000)
  eden space 177152K, 100% used [0x00000000eab00000,0x00000000f5800000,0x00000000f5800000)
  from space 55296K, 40% used [0x00000000f5800000,0x00000000f6df0130,0x00000000f8e00000)
  to   space 52736K, 0% used [0x00000000fb300000,0x00000000fb300000,0x00000000fe680000)
 ParOldGen       total 239616K, used 156381K [0x00000000c0000000, 0x00000000cea00000, 0x00000000eab00000)
  object space 239616K, 65% used [0x00000000c0000000,0x00000000c98b7538,0x00000000cea00000)
 Metaspace       used 44884K, capacity 45174K, committed 45568K, reserved 1087488K
  class space    used 6494K, capacity 6599K, committed 6656K, reserved 1048576K
Event: 60,189 GC heap after
Heap after GC invocations=27 (full 5):
 PSYoungGen      total 246784K, used 52713K [0x00000000eab00000, 0x0000000100000000, 0x0000000100000000)
  eden space 194048K, 0% used [0x00000000eab00000,0x00000000eab00000,0x00000000f6880000)
  from space 52736K, 99% used [0x00000000fb300000,0x00000000fe67a7a0,0x00000000fe680000)
  to   space 76288K, 0% used [0x00000000f6880000,0x00000000f6880000,0x00000000fb300000)
 ParOldGen       total 239616K, used 195793K [0x00000000c0000000, 0x00000000cea00000, 0x00000000eab00000)
  object space 239616K, 81% used [0x00000000c0000000,0x00000000cbf34440,0x00000000cea00000)
 Metaspace       used 44884K, capacity 45174K, committed 45568K, reserved 1087488K
  class space    used 6494K, capacity 6599K, committed 6656K, reserved 1048576K
}
Event: 84,444 GC heap before
{Heap before GC invocations=28 (full 5):
 PSYoungGen      total 246784K, used 246761K [0x00000000eab00000, 0x0000000100000000, 0x0000000100000000)
  eden space 194048K, 100% used [0x00000000eab00000,0x00000000f6880000,0x00000000f6880000)
  from space 52736K, 99% used [0x00000000fb300000,0x00000000fe67a7a0,0x00000000fe680000)
  to   space 76288K, 0% used [0x00000000f6880000,0x00000000f6880000,0x00000000fb300000)
 ParOldGen       total 239616K, used 195793K [0x00000000c0000000, 0x00000000cea00000, 0x00000000eab00000)
  object space 239616K, 81% used [0x00000000c0000000,0x00000000cbf34440,0x00000000cea00000)
 Metaspace       used 54461K, capacity 54776K, committed 55424K, reserved 1097728K
  class space    used 7825K, capacity 7943K, committed 8064K, reserved 1048576K
Event: 85,569 GC heap after
Heap after GC invocations=28 (full 5):
 PSYoungGen      total 270336K, used 17057K [0x00000000eab00000, 0x0000000100000000, 0x0000000100000000)
  eden space 194048K, 0% used [0x00000000eab00000,0x00000000eab00000,0x00000000f6880000)
  from space 76288K, 22% used [0x00000000f6880000,0x00000000f7928630,0x00000000fb300000)
  to   space 73216K, 0% used [0x00000000fb880000,0x00000000fb880000,0x0000000100000000)
 ParOldGen       total 248832K, used 248701K [0x00000000c0000000, 0x00000000cf300000, 0x00000000eab00000)
  object space 248832K, 99% used [0x00000000c0000000,0x00000000cf2df660,0x00000000cf300000)
 Metaspace       used 54461K, capacity 54776K, committed 55424K, reserved 1097728K
  class space    used 7825K, capacity 7943K, committed 8064K, reserved 1048576K
}
Event: 85,643 GC heap before
{Heap before GC invocations=29 (full 6):
 PSYoungGen      total 270336K, used 17057K [0x00000000eab00000, 0x0000000100000000, 0x0000000100000000)
  eden space 194048K, 0% used [0x00000000eab00000,0x00000000eab00000,0x00000000f6880000)
  from space 76288K, 22% used [0x00000000f6880000,0x00000000f7928630,0x00000000fb300000)
  to   space 73216K, 0% used [0x00000000fb880000,0x00000000fb880000,0x0000000100000000)
 ParOldGen       total 248832K, used 248701K [0x00000000c0000000, 0x00000000cf300000, 0x00000000eab00000)
  object space 248832K, 99% used [0x00000000c0000000,0x00000000cf2df660,0x00000000cf300000)
 Metaspace       used 54461K, capacity 54776K, committed 55424K, reserved 1097728K
  class space    used 7825K, capacity 7943K, committed 8064K, reserved 1048576K

