# JRE version: Java(TM) SE Runtime Environment (8.0_221-b11) (build 1.8.0_221-b11)
# Java VM: Java HotSpot(TM) 64-Bit Server VM (25.221-b11 mixed mode linux-amd64 compressed oops)
Heap:
 PSYoungGen      total 219136K, used 0K [0x00000000eab00000, 0x00000000fd280000, 0x0000000100000000)
  eden space 167424K, 0% used [0x00000000eab00000,0x00000000eab00000,0x00000000f4e80000)
  from space 51712K, 0% used [0x00000000f8580000,0x00000000f8580000,0x00000000fb800000)
  to   space 56320K, 0% used [0x00000000f4e80000,0x00000000f4e80000,0x00000000f8580000)
 ParOldGen       total 162304K, used 154443K [0x00000000c0000000, 0x00000000c9e80000, 0x00000000eab00000)
  object space 162304K, 95% used [0x00000000c0000000,0x00000000c96d2db0,0x00000000c9e80000)
 Metaspace       used 40289K, capacity 40652K, committed 41088K, reserved 1085440K
  class space    used 5797K, capacity 5926K, committed 6016K, reserved 1048576K
GC Heap History (10 events):
Event: 27,046 GC heap after
Heap after GC invocations=20 (full 3):
 PSYoungGen      total 145920K, used 19431K [0x00000000eab00000, 0x00000000f7f80000, 0x0000000100000000)
  eden space 126464K, 0% used [0x00000000eab00000,0x00000000eab00000,0x00000000f2680000)
  from space 19456K, 99% used [0x00000000f2680000,0x00000000f3979ce8,0x00000000f3980000)
  to   space 30208K, 0% used [0x00000000f6200000,0x00000000f6200000,0x00000000f7f80000)
 ParOldGen       total 89600K, used 60325K [0x00000000c0000000, 0x00000000c5780000, 0x00000000eab00000)
  object space 89600K, 67% used [0x00000000c0000000,0x00000000c3ae9468,0x00000000c5780000)
 Metaspace       used 40266K, capacity 40620K, committed 41088K, reserved 1085440K
  class space    used 5794K, capacity 5894K, committed 6016K, reserved 1048576K
}
Event: 28,392 GC heap before
{Heap before GC invocations=21 (full 3):
 PSYoungGen      total 145920K, used 145895K [0x00000000eab00000, 0x00000000f7f80000, 0x0000000100000000)
  eden space 126464K, 100% used [0x00000000eab00000,0x00000000f2680000,0x00000000f2680000)
  from space 19456K, 99% used [0x00000000f2680000,0x00000000f3979ce8,0x00000000f3980000)
  to   space 30208K, 0% used [0x00000000f6200000,0x00000000f6200000,0x00000000f7f80000)
 ParOldGen       total 89600K, used 60325K [0x00000000c0000000, 0x00000000c5780000, 0x00000000eab00000)
  object space 89600K, 67% used [0x00000000c0000000,0x00000000c3ae9468,0x00000000c5780000)
 Metaspace       used 40266K, capacity 40620K, committed 41088K, reserved 1085440K
  class space    used 5794K, capacity 5894K, committed 6016K, reserved 1048576K
Event: 28,523 GC heap after
Heap after GC invocations=21 (full 3):
 PSYoungGen      total 172032K, used 30177K [0x00000000eab00000, 0x00000000fa080000, 0x0000000100000000)
  eden space 141824K, 0% used [0x00000000eab00000,0x00000000eab00000,0x00000000f3580000)
  from space 30208K, 99% used [0x00000000f6200000,0x00000000f7f78560,0x00000000f7f80000)
  to   space 45568K, 0% used [0x00000000f3580000,0x00000000f3580000,0x00000000f6200000)
 ParOldGen       total 89600K, used 86725K [0x00000000c0000000, 0x00000000c5780000, 0x00000000eab00000)
  object space 89600K, 96% used [0x00000000c0000000,0x00000000c54b1780,0x00000000c5780000)
 Metaspace       used 40266K, capacity 40620K, committed 41088K, reserved 1085440K
  class space    used 5794K, capacity 5894K, committed 6016K, reserved 1048576K
}
Event: 28,523 GC heap before
{Heap before GC invocations=22 (full 4):
 PSYoungGen      total 172032K, used 30177K [0x00000000eab00000, 0x00000000fa080000, 0x0000000100000000)
  eden space 141824K, 0% used [0x00000000eab00000,0x00000000eab00000,0x00000000f3580000)
  from space 30208K, 99% used [0x00000000f6200000,0x00000000f7f78560,0x00000000f7f80000)
  to   space 45568K, 0% used [0x00000000f3580000,0x00000000f3580000,0x00000000f6200000)
 ParOldGen       total 89600K, used 86725K [0x00000000c0000000, 0x00000000c5780000, 0x00000000eab00000)
  object space 89600K, 96% used [0x00000000c0000000,0x00000000c54b1780,0x00000000c5780000)
 Metaspace       used 40266K, capacity 40620K, committed 41088K, reserved 1085440K
  class space    used 5794K, capacity 5894K, committed 6016K, reserved 1048576K
Event: 29,037 GC heap after
Heap after GC invocations=22 (full 4):
 PSYoungGen      total 172032K, used 15597K [0x00000000eab00000, 0x00000000fa080000, 0x0000000100000000)
  eden space 141824K, 0% used [0x00000000eab00000,0x00000000eab00000,0x00000000f3580000)
  from space 30208K, 51% used [0x00000000f6200000,0x00000000f713b658,0x00000000f7f80000)
  to   space 45568K, 0% used [0x00000000f3580000,0x00000000f3580000,0x00000000f6200000)
 ParOldGen       total 162304K, used 89368K [0x00000000c0000000, 0x00000000c9e80000, 0x00000000eab00000)
  object space 162304K, 55% used [0x00000000c0000000,0x00000000c5746220,0x00000000c9e80000)
 Metaspace       used 40266K, capacity 40620K, committed 41088K, reserved 1085440K
  class space    used 5794K, capacity 5894K, committed 6016K, reserved 1048576K
}
Event: 29,628 GC heap before
{Heap before GC invocations=23 (full 4):
 PSYoungGen      total 172032K, used 157421K [0x00000000eab00000, 0x00000000fa080000, 0x0000000100000000)
  eden space 141824K, 100% used [0x00000000eab00000,0x00000000f3580000,0x00000000f3580000)
  from space 30208K, 51% used [0x00000000f6200000,0x00000000f713b658,0x00000000f7f80000)
  to   space 45568K, 0% used [0x00000000f3580000,0x00000000f3580000,0x00000000f6200000)
 ParOldGen       total 162304K, used 89368K [0x00000000c0000000, 0x00000000c9e80000, 0x00000000eab00000)
  object space 162304K, 55% used [0x00000000c0000000,0x00000000c5746220,0x00000000c9e80000)
 Metaspace       used 40266K, capacity 40620K, committed 41088K, reserved 1085440K
  class space    used 5794K, capacity 5894K, committed 6016K, reserved 1048576K
Event: 29,732 GC heap after
Heap after GC invocations=23 (full 4):
 PSYoungGen      total 187392K, used 40250K [0x00000000eab00000, 0x00000000fb800000, 0x0000000100000000)
  eden space 141824K, 0% used [0x00000000eab00000,0x00000000eab00000,0x00000000f3580000)
  from space 45568K, 88% used [0x00000000f3580000,0x00000000f5cceb70,0x00000000f6200000)
  to   space 51712K, 0% used [0x00000000f8580000,0x00000000f8580000,0x00000000fb800000)
 ParOldGen       total 162304K, used 105206K [0x00000000c0000000, 0x00000000c9e80000, 0x00000000eab00000)
  object space 162304K, 64% used [0x00000000c0000000,0x00000000c66bdaf0,0x00000000c9e80000)
 Metaspace       used 40266K, capacity 40620K, committed 41088K, reserved 1085440K
  class space    used 5794K, capacity 5894K, committed 6016K, reserved 1048576K
}
Event: 30,955 GC heap before
{Heap before GC invocations=24 (full 4):
 PSYoungGen      total 187392K, used 182074K [0x00000000eab00000, 0x00000000fb800000, 0x0000000100000000)
  eden space 141824K, 100% used [0x00000000eab00000,0x00000000f3580000,0x00000000f3580000)
  from space 45568K, 88% used [0x00000000f3580000,0x00000000f5cceb70,0x00000000f6200000)
  to   space 51712K, 0% used [0x00000000f8580000,0x00000000f8580000,0x00000000fb800000)
 ParOldGen       total 162304K, used 105206K [0x00000000c0000000, 0x00000000c9e80000, 0x00000000eab00000)
  object space 162304K, 64% used [0x00000000c0000000,0x00000000c66bdaf0,0x00000000c9e80000)
 Metaspace       used 40289K, capacity 40652K, committed 41088K, reserved 1085440K
  class space    used 5797K, capacity 5926K, committed 6016K, reserved 1048576K
Event: 65,668 GC heap after
Heap after GC invocations=24 (full 4):
 PSYoungGen      total 219136K, used 39659K [0x00000000eab00000, 0x00000000fd280000, 0x0000000100000000)
  eden space 167424K, 0% used [0x00000000eab00000,0x00000000eab00000,0x00000000f4e80000)
  from space 51712K, 76% used [0x00000000f8580000,0x00000000fac3ac80,0x00000000fb800000)
  to   space 56320K, 0% used [0x00000000f4e80000,0x00000000f4e80000,0x00000000f8580000)
 ParOldGen       total 162304K, used 142244K [0x00000000c0000000, 0x00000000c9e80000, 0x00000000eab00000)
  object space 162304K, 87% used [0x00000000c0000000,0x00000000c8ae92a0,0x00000000c9e80000)
 Metaspace       used 40289K, capacity 40652K, committed 41088K, reserved 1085440K
  class space    used 5797K, capacity 5926K, committed 6016K, reserved 1048576K
}
Event: 65,668 GC heap before
{Heap before GC invocations=25 (full 5):
 PSYoungGen      total 219136K, used 39659K [0x00000000eab00000, 0x00000000fd280000, 0x0000000100000000)
  eden space 167424K, 0% used [0x00000000eab00000,0x00000000eab00000,0x00000000f4e80000)
  from space 51712K, 76% used [0x00000000f8580000,0x00000000fac3ac80,0x00000000fb800000)
  to   space 56320K, 0% used [0x00000000f4e80000,0x00000000f4e80000,0x00000000f8580000)
 ParOldGen       total 162304K, used 142244K [0x00000000c0000000, 0x00000000c9e80000, 0x00000000eab00000)
  object space 162304K, 87% used [0x00000000c0000000,0x00000000c8ae92a0,0x00000000c9e80000)
 Metaspace       used 40289K, capacity 40652K, committed 41088K, reserved 1085440K
  class space    used 5797K, capacity 5926K, committed 6016K, reserved 1048576K

