# JRE version: Java(TM) SE Runtime Environment (8.0_221-b11) (build 1.8.0_221-b11)
# Java VM: Java HotSpot(TM) 64-Bit Server VM (25.221-b11 mixed mode linux-amd64 compressed oops)
Heap:
 PSYoungGen      total 190464K, used 0K [0x00000000eab00000, 0x00000000fdf80000, 0x0000000100000000)
  eden space 140800K, 0% used [0x00000000eab00000,0x00000000eab00000,0x00000000f3480000)
  from space 49664K, 0% used [0x00000000f7d80000,0x00000000f7d80000,0x00000000fae00000)
  to   space 74752K, 0% used [0x00000000f3480000,0x00000000f3480000,0x00000000f7d80000)
 ParOldGen       total 218624K, used 192938K [0x00000000c0000000, 0x00000000cd580000, 0x00000000eab00000)
  object space 218624K, 88% used [0x00000000c0000000,0x00000000cbc6ab08,0x00000000cd580000)
 Metaspace       used 42858K, capacity 43122K, committed 43568K, reserved 1087488K
  class space    used 6256K, capacity 6343K, committed 6448K, reserved 1048576K
GC Heap History (10 events):
Event: 20,178 GC heap after
Heap after GC invocations=25 (full 4):
 PSYoungGen      total 161280K, used 34713K [0x00000000eab00000, 0x00000000f9300000, 0x0000000100000000)
  eden space 120832K, 0% used [0x00000000eab00000,0x00000000eab00000,0x00000000f2100000)
  from space 40448K, 85% used [0x00000000f2100000,0x00000000f42e6428,0x00000000f4880000)
  to   space 45568K, 0% used [0x00000000f6680000,0x00000000f6680000,0x00000000f9300000)
 ParOldGen       total 139264K, used 94425K [0x00000000c0000000, 0x00000000c8800000, 0x00000000eab00000)
  object space 139264K, 67% used [0x00000000c0000000,0x00000000c5c36478,0x00000000c8800000)
 Metaspace       used 40258K, capacity 40652K, committed 41008K, reserved 1085440K
  class space    used 5795K, capacity 5926K, committed 5936K, reserved 1048576K
}
Event: 20,652 GC heap before
{Heap before GC invocations=26 (full 4):
 PSYoungGen      total 161280K, used 155545K [0x00000000eab00000, 0x00000000f9300000, 0x0000000100000000)
  eden space 120832K, 100% used [0x00000000eab00000,0x00000000f2100000,0x00000000f2100000)
  from space 40448K, 85% used [0x00000000f2100000,0x00000000f42e6428,0x00000000f4880000)
  to   space 45568K, 0% used [0x00000000f6680000,0x00000000f6680000,0x00000000f9300000)
 ParOldGen       total 139264K, used 94425K [0x00000000c0000000, 0x00000000c8800000, 0x00000000eab00000)
  object space 139264K, 67% used [0x00000000c0000000,0x00000000c5c36478,0x00000000c8800000)
 Metaspace       used 40258K, capacity 40652K, committed 41008K, reserved 1085440K
  class space    used 5795K, capacity 5926K, committed 5936K, reserved 1048576K
Event: 20,739 GC heap after
Heap after GC invocations=26 (full 4):
 PSYoungGen      total 187904K, used 34371K [0x00000000eab00000, 0x00000000f9e80000, 0x0000000100000000)
  eden space 142336K, 0% used [0x00000000eab00000,0x00000000eab00000,0x00000000f3600000)
  from space 45568K, 75% used [0x00000000f6680000,0x00000000f8810d08,0x00000000f9300000)
  to   space 49664K, 0% used [0x00000000f3600000,0x00000000f3600000,0x00000000f6680000)
 ParOldGen       total 139264K, used 126354K [0x00000000c0000000, 0x00000000c8800000, 0x00000000eab00000)
  object space 139264K, 90% used [0x00000000c0000000,0x00000000c7b64870,0x00000000c8800000)
 Metaspace       used 40258K, capacity 40652K, committed 41008K, reserved 1085440K
  class space    used 5795K, capacity 5926K, committed 5936K, reserved 1048576K
}
Event: 20,739 GC heap before
{Heap before GC invocations=27 (full 5):
 PSYoungGen      total 187904K, used 34371K [0x00000000eab00000, 0x00000000f9e80000, 0x0000000100000000)
  eden space 142336K, 0% used [0x00000000eab00000,0x00000000eab00000,0x00000000f3600000)
  from space 45568K, 75% used [0x00000000f6680000,0x00000000f8810d08,0x00000000f9300000)
  to   space 49664K, 0% used [0x00000000f3600000,0x00000000f3600000,0x00000000f6680000)
 ParOldGen       total 139264K, used 126354K [0x00000000c0000000, 0x00000000c8800000, 0x00000000eab00000)
  object space 139264K, 90% used [0x00000000c0000000,0x00000000c7b64870,0x00000000c8800000)
 Metaspace       used 40258K, capacity 40652K, committed 41008K, reserved 1085440K
  class space    used 5795K, capacity 5926K, committed 5936K, reserved 1048576K
Event: 21,130 GC heap after
Heap after GC invocations=27 (full 5):
 PSYoungGen      total 187904K, used 0K [0x00000000eab00000, 0x00000000f9e80000, 0x0000000100000000)
  eden space 142336K, 0% used [0x00000000eab00000,0x00000000eab00000,0x00000000f3600000)
  from space 45568K, 0% used [0x00000000f6680000,0x00000000f6680000,0x00000000f9300000)
  to   space 49664K, 0% used [0x00000000f3600000,0x00000000f3600000,0x00000000f6680000)
 ParOldGen       total 218624K, used 139151K [0x00000000c0000000, 0x00000000cd580000, 0x00000000eab00000)
  object space 218624K, 63% used [0x00000000c0000000,0x00000000c87e3f28,0x00000000cd580000)
 Metaspace       used 40258K, capacity 40652K, committed 41008K, reserved 1085440K
  class space    used 5795K, capacity 5926K, committed 5936K, reserved 1048576K
}
Event: 22,266 GC heap before
{Heap before GC invocations=28 (full 5):
 PSYoungGen      total 187904K, used 142336K [0x00000000eab00000, 0x00000000f9e80000, 0x0000000100000000)
  eden space 142336K, 100% used [0x00000000eab00000,0x00000000f3600000,0x00000000f3600000)
  from space 45568K, 0% used [0x00000000f6680000,0x00000000f6680000,0x00000000f9300000)
  to   space 49664K, 0% used [0x00000000f3600000,0x00000000f3600000,0x00000000f6680000)
 ParOldGen       total 218624K, used 139151K [0x00000000c0000000, 0x00000000cd580000, 0x00000000eab00000)
  object space 218624K, 63% used [0x00000000c0000000,0x00000000c87e3f28,0x00000000cd580000)
 Metaspace       used 41572K, capacity 41842K, committed 42288K, reserved 1085440K
  class space    used 6055K, capacity 6151K, committed 6192K, reserved 1048576K
Event: 22,316 GC heap after
Heap after GC invocations=28 (full 5):
 PSYoungGen      total 192000K, used 26306K [0x00000000eab00000, 0x00000000fae00000, 0x0000000100000000)
  eden space 142336K, 0% used [0x00000000eab00000,0x00000000eab00000,0x00000000f3600000)
  from space 49664K, 52% used [0x00000000f3600000,0x00000000f4fb08c0,0x00000000f6680000)
  to   space 49664K, 0% used [0x00000000f7d80000,0x00000000f7d80000,0x00000000fae00000)
 ParOldGen       total 218624K, used 139159K [0x00000000c0000000, 0x00000000cd580000, 0x00000000eab00000)
  object space 218624K, 63% used [0x00000000c0000000,0x00000000c87e5f28,0x00000000cd580000)
 Metaspace       used 41572K, capacity 41842K, committed 42288K, reserved 1085440K
  class space    used 6055K, capacity 6151K, committed 6192K, reserved 1048576K
}
Event: 23,815 GC heap before
{Heap before GC invocations=29 (full 5):
 PSYoungGen      total 192000K, used 168642K [0x00000000eab00000, 0x00000000fae00000, 0x0000000100000000)
  eden space 142336K, 100% used [0x00000000eab00000,0x00000000f3600000,0x00000000f3600000)
  from space 49664K, 52% used [0x00000000f3600000,0x00000000f4fb08c0,0x00000000f6680000)
  to   space 49664K, 0% used [0x00000000f7d80000,0x00000000f7d80000,0x00000000fae00000)
 ParOldGen       total 218624K, used 139159K [0x00000000c0000000, 0x00000000cd580000, 0x00000000eab00000)
  object space 218624K, 63% used [0x00000000c0000000,0x00000000c87e5f28,0x00000000cd580000)
 Metaspace       used 42858K, capacity 43122K, committed 43568K, reserved 1087488K
  class space    used 6256K, capacity 6343K, committed 6448K, reserved 1048576K
Event: 23,941 GC heap after
Heap after GC invocations=29 (full 5):
 PSYoungGen      total 190464K, used 49651K [0x00000000eab00000, 0x00000000fdf80000, 0x0000000100000000)
  eden space 140800K, 0% used [0x00000000eab00000,0x00000000eab00000,0x00000000f3480000)
  from space 49664K, 99% used [0x00000000f7d80000,0x00000000fadfce50,0x00000000fae00000)
  to   space 74752K, 0% used [0x00000000f3480000,0x00000000f3480000,0x00000000f7d80000)
 ParOldGen       total 218624K, used 183278K [0x00000000c0000000, 0x00000000cd580000, 0x00000000eab00000)
  object space 218624K, 83% used [0x00000000c0000000,0x00000000cb2fba40,0x00000000cd580000)
 Metaspace       used 42858K, capacity 43122K, committed 43568K, reserved 1087488K
  class space    used 6256K, capacity 6343K, committed 6448K, reserved 1048576K
}
Event: 23,941 GC heap before
{Heap before GC invocations=30 (full 6):
 PSYoungGen      total 190464K, used 49651K [0x00000000eab00000, 0x00000000fdf80000, 0x0000000100000000)
  eden space 140800K, 0% used [0x00000000eab00000,0x00000000eab00000,0x00000000f3480000)
  from space 49664K, 99% used [0x00000000f7d80000,0x00000000fadfce50,0x00000000fae00000)
  to   space 74752K, 0% used [0x00000000f3480000,0x00000000f3480000,0x00000000f7d80000)
 ParOldGen       total 218624K, used 183278K [0x00000000c0000000, 0x00000000cd580000, 0x00000000eab00000)
  object space 218624K, 83% used [0x00000000c0000000,0x00000000cb2fba40,0x00000000cd580000)
 Metaspace       used 42858K, capacity 43122K, committed 43568K, reserved 1087488K
  class space    used 6256K, capacity 6343K, committed 6448K, reserved 1048576K

